SnapNStudy/app/build/intermediates/manifest_merge_blame_file/debug/manifest-merger-blame-debug-report.txt
1<?xml version="1.0" encoding="utf-8"?>
2<manifest xmlns:android="http://schemas.android.com/apk/res/android"
3    package="com.example.snapnstudy"
4    android:versionCode="1"
5    android:versionName="1.0" >
6
7    <uses-sdk
8        android:minSdkVersion="21"
8-->src\main\AndroidManifest.xml
9        android:targetSdkVersion="32" />
9-->src\main\AndroidManifest.xml
10
11    <application
11-->src\main\AndroidManifest.xml:5:5-41:19
12        android:allowBackup="true"
12-->src\main\AndroidManifest.xml:6:9-35
13        android:appComponentFactory="androidx.core.app.CoreComponentFactory"
13-->[androidx.core:core:1.7.0] AndroidManifest.xml:24:18-86
14        android:debuggable="true"
15        android:icon="@mipmap/ic_launcher"
15-->src\main\AndroidManifest.xml:7:9-43
16        android:label="@string/app_name"
16-->src\main\AndroidManifest.xml:8:9-41
17        android:roundIcon="@mipmap/ic_launcher_round"
17-->src\main\AndroidManifest.xml:9:9-54
18        android:supportsRtl="true"
18-->src\main\AndroidManifest.xml:10:9-35
19        android:testOnly="true"
20        android:theme="@style/Theme.SnapNStudy" >
20-->src\main\AndroidManifest.xml:11:9-48
21        <activity
21-->src\main\AndroidManifest.xml:12:9-18:20
22            android:name="com.example.snapnstudy.EditData"
22-->src\main\AndroidManifest.xml:12:19-43
23            android:parentActivityName="com.example.snapnstudy.MainActivity" >
23-->src\main\AndroidManifest.xml:13:13-55
24
25            <!-- The meta-data tag is required if you support API level 15 and lower -->
26            <meta-data
26-->src\main\AndroidManifest.xml:15:13-17:49
27                android:name="android.support.PARENT_ACTIVITY"
27-->src\main\AndroidManifest.xml:16:17-63
28                android:value=".MainActivity" />
28-->src\main\AndroidManifest.xml:17:17-46
29        </activity>
30        <activity
30-->src\main\AndroidManifest.xml:19:9-25:20
31            android:name="com.example.snapnstudy.CreatePicture"
31-->src\main\AndroidManifest.xml:19:19-48
32            android:parentActivityName="com.example.snapnstudy.MainActivity" >
32-->src\main\AndroidManifest.xml:20:13-55
33
34            <!-- The meta-data tag is required if you support API level 15 and lower -->
35            <meta-data
35-->src\main\AndroidManifest.xml:15:13-17:49
36                android:name="android.support.PARENT_ACTIVITY"
36-->src\main\AndroidManifest.xml:16:17-63
37                android:value=".MainActivity" />
37-->src\main\AndroidManifest.xml:17:17-46
38        </activity>
39        <!-- <activity -->
40        <!-- android:name=".EditData" -->
41        <!-- android:exported="false" /> -->
42        <!-- <activity -->
43        <!-- android:name=".CreatePicture" -->
44        <!-- android:exported="false" /> -->
45        <activity
45-->src\main\AndroidManifest.xml:32:9-40:20
46            android:name="com.example.snapnstudy.MainActivity"
46-->src\main\AndroidManifest.xml:33:13-41
47            android:exported="true" >
47-->src\main\AndroidManifest.xml:34:13-36
48            <intent-filter>
48-->src\main\AndroidManifest.xml:35:13-39:29
49                <action android:name="android.intent.action.MAIN" />
49-->src\main\AndroidManifest.xml:36:17-69
49-->src\main\AndroidManifest.xml:36:25-66
50
51                <category android:name="android.intent.category.LAUNCHER" />
51-->src\main\AndroidManifest.xml:38:17-77
51-->src\main\AndroidManifest.xml:38:27-74
52            </intent-filter>
53        </activity>
54
55        <provider
55-->[androidx.emoji2:emoji2:1.0.0] AndroidManifest.xml:26:9-34:20
56            android:name="androidx.startup.InitializationProvider"
56-->[androidx.emoji2:emoji2:1.0.0] AndroidManifest.xml:27:13-67
57            android:authorities="com.example.snapnstudy.androidx-startup"
57-->[androidx.emoji2:emoji2:1.0.0] AndroidManifest.xml:28:13-68
58            android:exported="false" >
58-->[androidx.emoji2:emoji2:1.0.0] AndroidManifest.xml:29:13-37
59            <meta-data
59-->[androidx.emoji2:emoji2:1.0.0] AndroidManifest.xml:31:13-33:52
60                android:name="androidx.emoji2.text.EmojiCompatInitializer"
60-->[androidx.emoji2:emoji2:1.0.0] AndroidManifest.xml:32:17-75
61                android:value="androidx.startup" />
61-->[androidx.emoji2:emoji2:1.0.0] AndroidManifest.xml:33:17-49
62            <meta-data
62-->[androidx.lifecycle:lifecycle-process:2.4.0] AndroidManifest.xml:31:13-33:52
63                android:name="androidx.lifecycle.ProcessLifecycleInitializer"
63-->[androidx.lifecycle:lifecycle-process:2.4.0] AndroidManifest.xml:32:17-78
64                android:value="androidx.startup" />
64-->[androidx.lifecycle:lifecycle-process:2.4.0] AndroidManifest.xml:33:17-49
65        </provider>
66    </application>
67
68</manifest>